[2024-01-18 20:45:58] GET /dictionary/arafat
[2024-01-18 20:46:00] GET /dictionary/arafat
[2024-01-18 20:53:49] GET /dictionary/arafat
[2024-01-18 20:54:16] GET /dictionary/arafat
[2024-01-18 20:54:26] GET /dictionary/arafat
[2024-01-18 20:56:04] GET /dictionary/arafat
[2024-01-18 20:56:13] GET /dictionary/arafat
[2024-01-18 20:59:58] GET /dictionary/arafat
[2024-01-18 21:00:11] GET /dictionary/arafat
[2024-01-18 21:01:32] GET /dictionary/arafat
[2024-01-18 21:12:59] GET /dictionary/arafat
[2024-01-18 21:19:40] GET /dictionary/arafat
[2024-01-18 21:20:57] GET /dictionary/arafat
[2024-01-25 08:16:26] GET /dictionary/example
[2024-01-25 08:16:33] GET /dictionary/arafat
[2024-01-25 08:17:37] POST /dictionary/add
[2024-01-25 08:17:51] GET /dictionary/example
[2024-01-25 08:18:27] DELETE /dictionary/example
[2024-01-25 08:18:37] GET /dictionary/example
[2024-01-25 08:32:09] GET /dictionary/example
[2024-01-25 08:32:20] GET /dictionary/example
[2024-01-25 08:32:27] GET /dictionary/example
[2024-01-25 08:33:58] GET /dictionary/example
[2024-01-25 08:36:04] GET /dictionary/example
[2024-01-25 08:36:19] GET /dictionary/example
[2024-01-25 11:20:59] GET /dictionary/test
[2024-01-25 11:21:32] GET /dictionary/arafat
[2024-01-25 11:22:25] POST /dictionary/add
[2024-01-25 11:22:48] DELETE /dictionary/test
[2024-01-25 11:23:28] POST /dictionary/add
[2024-01-25 11:26:23] GET /dictionary/arafat
